0 info it worked if it ends with ok
1 verbose cli [ 'node', '/usr/local/bin/npm', 'publish', './' ]
2 info using npm@1.4.9
3 info using node@v0.10.28
4 verbose publish [ './' ]
5 verbose cache add [ './', null ]
6 verbose cache add name=undefined spec="./" args=["./",null]
7 verbose parsed url { protocol: null,
7 verbose parsed url   slashes: null,
7 verbose parsed url   auth: null,
7 verbose parsed url   host: null,
7 verbose parsed url   port: null,
7 verbose parsed url   hostname: null,
7 verbose parsed url   hash: null,
7 verbose parsed url   search: null,
7 verbose parsed url   query: null,
7 verbose parsed url   pathname: './',
7 verbose parsed url   path: './',
7 verbose parsed url   href: './' }
8 silly lockFile 0ee6c175- ./
9 verbose lock ./ /Users/gideonthomas/.npm/0ee6c175-.lock
10 verbose tar pack [ '/Users/gideonthomas/tmp/npm-9968-5BsBXJo4/1399669906366-0.4732004322577268/tmp.tgz',
10 verbose tar pack   './' ]
11 verbose tarball /Users/gideonthomas/tmp/npm-9968-5BsBXJo4/1399669906366-0.4732004322577268/tmp.tgz
12 verbose folder ./
13 info prepublish mdlinkparser@0.0.0
14 silly lockFile 04cb2bca-tar tar://./
15 verbose lock tar://./ /Users/gideonthomas/.npm/04cb2bca-tar.lock
16 silly lockFile e8f79103-06366-0-4732004322577268-tmp-tgz tar:///Users/gideonthomas/tmp/npm-9968-5BsBXJo4/1399669906366-0.4732004322577268/tmp.tgz
17 verbose lock tar:///Users/gideonthomas/tmp/npm-9968-5BsBXJo4/1399669906366-0.4732004322577268/tmp.tgz /Users/gideonthomas/.npm/e8f79103-06366-0-4732004322577268-tmp-tgz.lock
18 silly lockFile 04cb2bca-tar tar://./
19 silly lockFile 04cb2bca-tar tar://./
20 silly lockFile e8f79103-06366-0-4732004322577268-tmp-tgz tar:///Users/gideonthomas/tmp/npm-9968-5BsBXJo4/1399669906366-0.4732004322577268/tmp.tgz
21 silly lockFile e8f79103-06366-0-4732004322577268-tmp-tgz tar:///Users/gideonthomas/tmp/npm-9968-5BsBXJo4/1399669906366-0.4732004322577268/tmp.tgz
22 verbose tar unpack /Users/gideonthomas/tmp/npm-9968-5BsBXJo4/1399669906366-0.4732004322577268/tmp.tgz
23 silly lockFile 331a7eb3-s-npm-mdlinkparser-0-0-0-package tar:///Users/gideonthomas/.npm/mdlinkparser/0.0.0/package
24 verbose lock tar:///Users/gideonthomas/.npm/mdlinkparser/0.0.0/package /Users/gideonthomas/.npm/331a7eb3-s-npm-mdlinkparser-0-0-0-package.lock
25 silly lockFile e8f79103-06366-0-4732004322577268-tmp-tgz tar:///Users/gideonthomas/tmp/npm-9968-5BsBXJo4/1399669906366-0.4732004322577268/tmp.tgz
26 verbose lock tar:///Users/gideonthomas/tmp/npm-9968-5BsBXJo4/1399669906366-0.4732004322577268/tmp.tgz /Users/gideonthomas/.npm/e8f79103-06366-0-4732004322577268-tmp-tgz.lock
27 silly gunzTarPerm modes [ '755', '644' ]
28 silly gunzTarPerm extractEntry package.json
29 silly gunzTarPerm extractEntry .npmignore
30 silly gunzTarPerm extractEntry Gruntfile.js
31 silly gunzTarPerm extractEntry index.js
32 silly gunzTarPerm extractEntry .travis.yml
33 silly gunzTarPerm extractEntry Test.md
34 silly gunzTarPerm extractEntry index.html
35 silly gunzTarPerm extractEntry test/mdlinks.js
36 silly gunzTarPerm extractEntry test/mdstring.js
37 silly gunzTarPerm extractEntry test/test.js
38 silly lockFile 331a7eb3-s-npm-mdlinkparser-0-0-0-package tar:///Users/gideonthomas/.npm/mdlinkparser/0.0.0/package
39 silly lockFile 331a7eb3-s-npm-mdlinkparser-0-0-0-package tar:///Users/gideonthomas/.npm/mdlinkparser/0.0.0/package
40 silly lockFile e8f79103-06366-0-4732004322577268-tmp-tgz tar:///Users/gideonthomas/tmp/npm-9968-5BsBXJo4/1399669906366-0.4732004322577268/tmp.tgz
41 silly lockFile e8f79103-06366-0-4732004322577268-tmp-tgz tar:///Users/gideonthomas/tmp/npm-9968-5BsBXJo4/1399669906366-0.4732004322577268/tmp.tgz
42 silly lockFile 0ee6c175- ./
43 silly lockFile 0ee6c175- ./
44 silly publish { name: 'mdlinkparser',
44 silly publish   version: '0.0.0',
44 silly publish   description: 'Parse links in a markdown string into plain text',
44 silly publish   main: 'index.js',
44 silly publish   scripts: { test: 'grunt' },
44 silly publish   author: { name: 'Gideon Thomas', email: 'r.gideonthomas@gmail.com' },
44 silly publish   license: 'ISC',
44 silly publish   dependencies: { amdefine: '>=0.1.0' },
44 silly publish   devDependencies:
44 silly publish    { grunt: '~0.4.4',
44 silly publish      'grunt-contrib-jshint': '~0.10.0',
44 silly publish      'grunt-mocha-test': '~0.10.2',
44 silly publish      mocha: '~1.18.2' },
44 silly publish   readme: 'ERROR: No README data found!',
44 silly publish   _id: 'mdlinkparser@0.0.0',
44 silly publish   _shasum: '098ccf80a2bc2d440dcf053e8bdd221df033fc8e',
44 silly publish   _from: './' }
45 verbose url raw mdlinkparser
46 verbose url resolving [ 'https://registry.npmjs.org/', './mdlinkparser' ]
47 verbose url resolved https://registry.npmjs.org/mdlinkparser
48 info trying registry request attempt 1 at 17:11:46
49 http PUT https://registry.npmjs.org/mdlinkparser
50 http 403 https://registry.npmjs.org/mdlinkparser
51 verbose headers { date: 'Fri, 09 May 2014 21:11:46 GMT',
51 verbose headers   server: 'CouchDB/1.5.0 (Erlang OTP/R14B04)',
51 verbose headers   'content-type': 'application/json',
51 verbose headers   'cache-control': 'max-age=1',
51 verbose headers   'content-length': '766',
51 verbose headers   'accept-ranges': 'bytes',
51 verbose headers   via: '1.1 varnish',
51 verbose headers   'x-served-by': 'cache-jfk1020-JFK',
51 verbose headers   'x-cache': 'MISS',
51 verbose headers   'x-cache-hits': '0',
51 verbose headers   'x-timer': 'S1399669906.538772821,VS0,VE328',
51 verbose headers   'keep-alive': 'timeout=10, max=50',
51 verbose headers   connection: 'Keep-Alive' }
52 error publish Failed PUT 403
53 error Error: forbidden user: gideonthomas not authorized to modify mdlinkparser
53 error Changed: description "Node Markdown Parser" -> "Parse links in a markdown string into plain text"
53 error Changed: dist-tags.latest "0.0.1" -> "0.0.0"
53 error Added: versions.0.0.0
53 error Changed: readme "mdlinkparser\u000a============\u000a\u000aNode Markdown link parser\u000a" -> "ERROR: No README data found!"
53 error Changed: time.modified "2014-05-01T19:27:47.859Z" -> "2014-05-09T21:11:12.097Z"
53 error Added: time.0.0.0
53 error Deleted: homepage
53 error Deleted: keywords
53 error Deleted: repository
53 error Changed: author.name "Ali Al Dallal" -> "Gideon Thomas"
53 error Added: author.email
53 error Deleted: bugs
53 error Changed: license "MIT" -> "ISC"
53 error Changed: readmeFilename "README.md" -> ""
53 error Added: _attachments: mdlinkparser
53 error     at RegClient.<anonymous> (/usr/local/lib/node_modules/npm/node_modules/npm-registry-client/lib/request.js:273:14)
53 error     at Request._callback (/usr/local/lib/node_modules/npm/node_modules/npm-registry-client/lib/request.js:211:65)
53 error     at Request.self.callback (/usr/local/lib/node_modules/npm/node_modules/request/request.js:123:22)
53 error     at Request.EventEmitter.emit (events.js:98:17)
53 error     at Request.<anonymous> (/usr/local/lib/node_modules/npm/node_modules/request/request.js:893:14)
53 error     at Request.EventEmitter.emit (events.js:117:20)
53 error     at IncomingMessage.<anonymous> (/usr/local/lib/node_modules/npm/node_modules/request/request.js:844:12)
53 error     at IncomingMessage.EventEmitter.emit (events.js:117:20)
53 error     at _stream_readable.js:919:16
53 error     at process._tickCallback (node.js:419:13)
54 error If you need help, you may report this *entire* log,
54 error including the npm and node versions, at:
54 error     <http://github.com/npm/npm/issues>
55 error System Darwin 13.1.0
56 error command "node" "/usr/local/bin/npm" "publish" "./"
57 error cwd /Users/gideonthomas/mdlinkparser
58 error node -v v0.10.28
59 error npm -v 1.4.9
60 verbose exit [ 1, true ]
